  Pared.cpp
  Generating code
  7 of 79 functions ( 8.9%) were compiled, the rest were copied from previous compilation.
    0 functions were new in current compilation
    7 functions had inline decision re-evaluated but remain unchanged
  Finished generating code
  TP3-PG.vcxproj -> C:\Users\Theo\Desktop\image campus\carrera 1 - Desarrollo de videojuegos\2do año\programacion de graficos I\Trabajos Practicos\TP3\TP3-PG\Release\TP3-PG.exe
  TP3-PG.vcxproj -> C:\Users\Theo\Desktop\image campus\carrera 1 - Desarrollo de videojuegos\2do año\programacion de graficos I\Trabajos Practicos\TP3\TP3-PG\Release\TP3-PG.pdb (Full PDB)
  C:\Users\Theo\Desktop\image campus\carrera 1 - Desarrollo de videojuegos\2do año\programacion de graficos I\Trabajos Practicos\TP3\TP3-PG\Allegro\allegro_5.1.12_x86\bin\allegro-5.1.dll
  C:\Users\Theo\Desktop\image campus\carrera 1 - Desarrollo de videojuegos\2do año\programacion de graficos I\Trabajos Practicos\TP3\TP3-PG\Allegro\allegro_5.1.12_x86\bin\allegro-debug-5.1.dll
  C:\Users\Theo\Desktop\image campus\carrera 1 - Desarrollo de videojuegos\2do año\programacion de graficos I\Trabajos Practicos\TP3\TP3-PG\Allegro\allegro_5.1.12_x86\bin\allegro_acodec-5.1.dll
  C:\Users\Theo\Desktop\image campus\carrera 1 - Desarrollo de videojuegos\2do año\programacion de graficos I\Trabajos Practicos\TP3\TP3-PG\Allegro\allegro_5.1.12_x86\bin\allegro_acodec-debug-5.1.dll
  C:\Users\Theo\Desktop\image campus\carrera 1 - Desarrollo de videojuegos\2do año\programacion de graficos I\Trabajos Practicos\TP3\TP3-PG\Allegro\allegro_5.1.12_x86\bin\allegro_audio-5.1.dll
  C:\Users\Theo\Desktop\image campus\carrera 1 - Desarrollo de videojuegos\2do año\programacion de graficos I\Trabajos Practicos\TP3\TP3-PG\Allegro\allegro_5.1.12_x86\bin\allegro_audio-debug-5.1.dll
  C:\Users\Theo\Desktop\image campus\carrera 1 - Desarrollo de videojuegos\2do año\programacion de graficos I\Trabajos Practicos\TP3\TP3-PG\Allegro\allegro_5.1.12_x86\bin\allegro_color-5.1.dll
  C:\Users\Theo\Desktop\image campus\carrera 1 - Desarrollo de videojuegos\2do año\programacion de graficos I\Trabajos Practicos\TP3\TP3-PG\Allegro\allegro_5.1.12_x86\bin\allegro_color-debug-5.1.dll
  C:\Users\Theo\Desktop\image campus\carrera 1 - Desarrollo de videojuegos\2do año\programacion de graficos I\Trabajos Practicos\TP3\TP3-PG\Allegro\allegro_5.1.12_x86\bin\allegro_dialog-5.1.dll
  C:\Users\Theo\Desktop\image campus\carrera 1 - Desarrollo de videojuegos\2do año\programacion de graficos I\Trabajos Practicos\TP3\TP3-PG\Allegro\allegro_5.1.12_x86\bin\allegro_dialog-debug-5.1.dll
  C:\Users\Theo\Desktop\image campus\carrera 1 - Desarrollo de videojuegos\2do año\programacion de graficos I\Trabajos Practicos\TP3\TP3-PG\Allegro\allegro_5.1.12_x86\bin\allegro_font-5.1.dll
  C:\Users\Theo\Desktop\image campus\carrera 1 - Desarrollo de videojuegos\2do año\programacion de graficos I\Trabajos Practicos\TP3\TP3-PG\Allegro\allegro_5.1.12_x86\bin\allegro_font-debug-5.1.dll
  C:\Users\Theo\Desktop\image campus\carrera 1 - Desarrollo de videojuegos\2do año\programacion de graficos I\Trabajos Practicos\TP3\TP3-PG\Allegro\allegro_5.1.12_x86\bin\allegro_image-5.1.dll
  C:\Users\Theo\Desktop\image campus\carrera 1 - Desarrollo de videojuegos\2do año\programacion de graficos I\Trabajos Practicos\TP3\TP3-PG\Allegro\allegro_5.1.12_x86\bin\allegro_image-debug-5.1.dll
  C:\Users\Theo\Desktop\image campus\carrera 1 - Desarrollo de videojuegos\2do año\programacion de graficos I\Trabajos Practicos\TP3\TP3-PG\Allegro\allegro_5.1.12_x86\bin\allegro_main-5.1.dll
  C:\Users\Theo\Desktop\image campus\carrera 1 - Desarrollo de videojuegos\2do año\programacion de graficos I\Trabajos Practicos\TP3\TP3-PG\Allegro\allegro_5.1.12_x86\bin\allegro_main-debug-5.1.dll
  C:\Users\Theo\Desktop\image campus\carrera 1 - Desarrollo de videojuegos\2do año\programacion de graficos I\Trabajos Practicos\TP3\TP3-PG\Allegro\allegro_5.1.12_x86\bin\allegro_memfile-5.1.dll
  C:\Users\Theo\Desktop\image campus\carrera 1 - Desarrollo de videojuegos\2do año\programacion de graficos I\Trabajos Practicos\TP3\TP3-PG\Allegro\allegro_5.1.12_x86\bin\allegro_memfile-debug-5.1.dll
  C:\Users\Theo\Desktop\image campus\carrera 1 - Desarrollo de videojuegos\2do año\programacion de graficos I\Trabajos Practicos\TP3\TP3-PG\Allegro\allegro_5.1.12_x86\bin\allegro_physfs-5.1.dll
  C:\Users\Theo\Desktop\image campus\carrera 1 - Desarrollo de videojuegos\2do año\programacion de graficos I\Trabajos Practicos\TP3\TP3-PG\Allegro\allegro_5.1.12_x86\bin\allegro_physfs-debug-5.1.dll
  C:\Users\Theo\Desktop\image campus\carrera 1 - Desarrollo de videojuegos\2do año\programacion de graficos I\Trabajos Practicos\TP3\TP3-PG\Allegro\allegro_5.1.12_x86\bin\allegro_primitives-5.1.dll
  C:\Users\Theo\Desktop\image campus\carrera 1 - Desarrollo de videojuegos\2do año\programacion de graficos I\Trabajos Practicos\TP3\TP3-PG\Allegro\allegro_5.1.12_x86\bin\allegro_primitives-debug-5.1.dll
  C:\Users\Theo\Desktop\image campus\carrera 1 - Desarrollo de videojuegos\2do año\programacion de graficos I\Trabajos Practicos\TP3\TP3-PG\Allegro\allegro_5.1.12_x86\bin\allegro_ttf-5.1.dll
  C:\Users\Theo\Desktop\image campus\carrera 1 - Desarrollo de videojuegos\2do año\programacion de graficos I\Trabajos Practicos\TP3\TP3-PG\Allegro\allegro_5.1.12_x86\bin\allegro_ttf-debug-5.1.dll
  C:\Users\Theo\Desktop\image campus\carrera 1 - Desarrollo de videojuegos\2do año\programacion de graficos I\Trabajos Practicos\TP3\TP3-PG\Allegro\allegro_5.1.12_x86\bin\allegro_video-5.1.dll
  C:\Users\Theo\Desktop\image campus\carrera 1 - Desarrollo de videojuegos\2do año\programacion de graficos I\Trabajos Practicos\TP3\TP3-PG\Allegro\allegro_5.1.12_x86\bin\allegro_video-debug-5.1.dll
         26 archivo(s) copiado(s).
